Using pre-set license
Built from '2020.3/staging' branch; Version is '2020.3.21f1 (a38c86f6690f) revision 10718342'; Using compiler version '192528614'; Build Type 'Release'
OS: 'Windows 10 Home Single Language; OS build 22000.613; Version 2009; 64bit' Language: 'en' Physical Memory: 8012 MB
BatchMode: 1, IsHumanControllingUs: 0, StartBugReporterOnCrash: 0, Is64bit: 1, IsPro: 0

COMMAND LINE ARGUMENTS:
D:\Coding\Unity\2020.3.21f1\Editor\Unity.exe
-adb2
-batchMode
-noUpm
-name
AssetImportWorker0
-projectPath
D:/Coding/Unity/FinalProject2D/Final2DProject
-logFile
Logs/AssetImportWorker0.log
-srvPort
63329
Successfully changed project path to: D:/Coding/Unity/FinalProject2D/Final2DProject
D:/Coding/Unity/FinalProject2D/Final2DProject
Using Asset Import Pipeline V2.
Refreshing native plugins compatible for Editor in 61.28 ms, found 3 plugins.
Preloading 0 native plugins for Editor in 0.00 ms.
Initialize engine version: 2020.3.21f1 (a38c86f6690f)
[Subsystems] Discovering subsystems at path D:/Coding/Unity/2020.3.21f1/Editor/Data/Resources/UnitySubsystems
[Subsystems] Discovering subsystems at path D:/Coding/Unity/FinalProject2D/Final2DProject/Assets
GfxDevice: creating device client; threaded=0
Direct3D:
    Version:  Direct3D 11.0 [level 11.1]
    Renderer: NVIDIA GeForce RTX 2060 (ID=0x1f15)
    Vendor:   
    VRAM:     5980 MB
    Driver:   30.0.14.7196
Initialize mono
Mono path[0] = 'D:/Coding/Unity/2020.3.21f1/Editor/Data/Managed'
Mono path[1] = 'D:/Coding/Unity/2020.3.21f1/Editor/Data/MonoBleedingEdge/lib/mono/unityjit'
Mono config path = 'D:/Coding/Unity/2020.3.21f1/Editor/Data/MonoBleedingEdge/etc'
Using monoOptions --debugger-agent=transport=dt_socket,embedding=1,server=y,suspend=n,address=127.0.0.1:56236
Begin MonoManager ReloadAssembly
Registering precompiled unity dll's ...
Register platform support module: D:/Coding/Unity/2020.3.21f1/Editor/Data/PlaybackEngines/WebGLSupport/UnityEditor.WebGL.Extensions.dll
Register platform support module: D:/Coding/Unity/2020.3.21f1/Editor/Data/PlaybackEngines/WindowsStandaloneSupport/UnityEditor.WindowsStandalone.Extensions.dll
Registered in 0.002029 seconds.
Native extension for WindowsStandalone target not found
Native extension for WebGL target not found
Refreshing native plugins compatible for Editor in 51.84 ms, found 3 plugins.
Preloading 0 native plugins for Editor in 0.00 ms.
Mono: successfully reloaded assembly
- Completed reload, in  3.543 seconds
Domain Reload Profiling:
	ReloadAssembly (3543ms)
		BeginReloadAssembly (54ms)
			ExecutionOrderSort (0ms)
			DisableScriptedObjects (0ms)
			BackupInstance (0ms)
			ReleaseScriptingObjects (0ms)
			CreateAndSetChildDomain (1ms)
		EndReloadAssembly (421ms)
			LoadAssemblies (55ms)
			RebuildTransferFunctionScriptingTraits (0ms)
			SetupTypeCache (142ms)
			ReleaseScriptCaches (0ms)
			RebuildScriptCaches (25ms)
			SetupLoadedEditorAssemblies (166ms)
				LogAssemblyErrors (0ms)
				InitializePlatformSupportModulesInManaged (4ms)
				SetLoadedEditorAssemblies (0ms)
				RefreshPlugins (52ms)
				BeforeProcessingInitializeOnLoad (12ms)
				ProcessInitializeOnLoadAttributes (73ms)
				ProcessInitializeOnLoadMethodAttributes (24ms)
				AfterProcessingInitializeOnLoad (0ms)
				EditorAssembliesLoaded (0ms)
			ExecutionOrderSort2 (0ms)
			AwakeInstancesAfterBackupRestoration (0ms)
Platform modules already initialized, skipping
Registering precompiled user dll's ...
Registered in 0.010038 seconds.
Begin MonoManager ReloadAssembly
Native extension for WindowsStandalone target not found
Native extension for WebGL target not found
Refreshing native plugins compatible for Editor in 45.86 ms, found 3 plugins.
Preloading 0 native plugins for Editor in 0.00 ms.
Mono: successfully reloaded assembly
- Completed reload, in  1.045 seconds
Domain Reload Profiling:
	ReloadAssembly (1046ms)
		BeginReloadAssembly (134ms)
			ExecutionOrderSort (0ms)
			DisableScriptedObjects (4ms)
			BackupInstance (0ms)
			ReleaseScriptingObjects (0ms)
			CreateAndSetChildDomain (17ms)
		EndReloadAssembly (864ms)
			LoadAssemblies (116ms)
			RebuildTransferFunctionScriptingTraits (0ms)
			SetupTypeCache (266ms)
			ReleaseScriptCaches (0ms)
			RebuildScriptCaches (44ms)
			SetupLoadedEditorAssemblies (345ms)
				LogAssemblyErrors (0ms)
				InitializePlatformSupportModulesInManaged (4ms)
				SetLoadedEditorAssemblies (0ms)
				RefreshPlugins (46ms)
				BeforeProcessingInitializeOnLoad (62ms)
				ProcessInitializeOnLoadAttributes (216ms)
				ProcessInitializeOnLoadMethodAttributes (16ms)
				AfterProcessingInitializeOnLoad (1ms)
				EditorAssembliesLoaded (0ms)
			ExecutionOrderSort2 (0ms)
			AwakeInstancesAfterBackupRestoration (6ms)
Platform modules already initialized, skipping
========================================================================
Worker process is ready to serve import requests
Launched and connected shader compiler UnityShaderCompiler.exe after 0.06 seconds
Refreshing native plugins compatible for Editor in 0.79 ms, found 3 plugins.
Preloading 0 native plugins for Editor in 0.00 ms.
Unloading 2425 Unused Serialized files (Serialized files now loaded: 0)
System memory in use before: 108.7 MB.
System memory in use after: 108.9 MB.

Unloading 29 unused Assets to reduce memory usage. Loaded Objects now: 2866.
Total: 2.849700 ms (FindLiveObjects: 0.253000 ms CreateObjectMapping: 0.178600 ms MarkObjects: 2.396400 ms  DeleteObjects: 0.021000 ms)

AssetImportParameters requested are different than current active one (requested -> active):
  custom:framework-win-MediaFoundation: 216162199b28c13a410421893ffa2e32 -> 
  custom:video-decoder-ogg-theora: a1e56fd34408186e4bbccfd4996cb3dc -> 
  custom:container-muxer-webm: aa71ff27fc2769a1b78a27578f13a17b -> 
  custom:container-demuxer-webm: 4f35f7cbe854078d1ac9338744f61a02 -> 
  custom:container-demuxer-ogg: 62fdf1f143b41e24485cea50d1cbac27 -> 
  custom:video-encoder-webm-vp8: eb34c28f22e8b96e1ab97ce403110664 -> 
  custom:video-decoder-webm-vp8: 9c59270c3fd7afecdb556c50c9e8de78 -> 
  custom:audio-decoder-ogg-vorbis: bf7c407c2cedff20999df2af8eb42d56 -> 
  custom:audio-encoder-webm-vorbis: bf7c407c2cedff20999df2af8eb42d56 -> 
========================================================================
Received Import Request.
  path: Assets/Scenes/MainMenu.unity
  artifactKey: Guid(ae6d650a58d323f47b8f5699ae7c01c8) Importer(815301076,1909f56bfc062723c751e8b465ee728b)
Start importing Assets/Scenes/MainMenu.unity using Guid(ae6d650a58d323f47b8f5699ae7c01c8) Importer(815301076,1909f56bfc062723c751e8b465ee728b)  -> (artifact id: '61da3e5347c551ff056b9a50c0055cd1') in 0.018963 seconds 
  Import took 0.024495 seconds .

========================================================================
Received Import Request.
  Time since last request: 120.815112 seconds.
  path: Assets/FREEUIASSETPACK_BY@CAMTATZ/Gen UI/UI_WINDOW (1).png
  artifactKey: Guid(267c4d84864919249b4391da5bd053cf) Importer(815301076,1909f56bfc062723c751e8b465ee728b)
Start importing Assets/FREEUIASSETPACK_BY@CAMTATZ/Gen UI/UI_WINDOW (1).png using Guid(267c4d84864919249b4391da5bd053cf) Importer(815301076,1909f56bfc062723c751e8b465ee728b)  -> (artifact id: '800a02dc3f1127e340af4e665a555e65') in 0.104761 seconds 
  Import took 0.112230 seconds .

========================================================================
Received Import Request.
  Time since last request: 0.464286 seconds.
  path: Assets/FREEUIASSETPACK_BY@CAMTATZ/Gen UI/UI_WINDOW (2).png
  artifactKey: Guid(10ed76325099ded40ae5d49540510edb) Importer(815301076,1909f56bfc062723c751e8b465ee728b)
Start importing Assets/FREEUIASSETPACK_BY@CAMTATZ/Gen UI/UI_WINDOW (2).png using Guid(10ed76325099ded40ae5d49540510edb) Importer(815301076,1909f56bfc062723c751e8b465ee728b)  -> (artifact id: 'ea13a8dcbdb071fd32d00212ab8838fd') in 0.017680 seconds 
  Import took 0.022923 seconds .

========================================================================
Received Import Request.
  Time since last request: 0.350779 seconds.
  path: Assets/FREEUIASSETPACK_BY@CAMTATZ/Gen UI/UI_WINDOW (4).png
  artifactKey: Guid(3a6bc5909b47ff34ba76789831f8e88a) Importer(815301076,1909f56bfc062723c751e8b465ee728b)
Start importing Assets/FREEUIASSETPACK_BY@CAMTATZ/Gen UI/UI_WINDOW (4).png using Guid(3a6bc5909b47ff34ba76789831f8e88a) Importer(815301076,1909f56bfc062723c751e8b465ee728b)  -> (artifact id: '8f5d9f9b7a03534008d7006daac4c477') in 0.014272 seconds 
  Import took 0.020120 seconds .

========================================================================
Received Import Request.
  Time since last request: 0.478114 seconds.
  path: Assets/FREEUIASSETPACK_BY@CAMTATZ/Gen UI/UI_WINDOW (7).png
  artifactKey: Guid(1d5372d1dde6d6541be75197289978e4) Importer(815301076,1909f56bfc062723c751e8b465ee728b)
Start importing Assets/FREEUIASSETPACK_BY@CAMTATZ/Gen UI/UI_WINDOW (7).png using Guid(1d5372d1dde6d6541be75197289978e4) Importer(815301076,1909f56bfc062723c751e8b465ee728b)  -> (artifact id: '4fdb3057294eb607a3a056cb98f7e346') in 0.016835 seconds 
  Import took 0.021903 seconds .

========================================================================
Received Import Request.
  Time since last request: 0.481396 seconds.
  path: Assets/FREEUIASSETPACK_BY@CAMTATZ/Gen UI/UI_WINDOW (9).png
  artifactKey: Guid(90a4ce7fedc9a874d968c2996bb2ba36) Importer(815301076,1909f56bfc062723c751e8b465ee728b)
Start importing Assets/FREEUIASSETPACK_BY@CAMTATZ/Gen UI/UI_WINDOW (9).png using Guid(90a4ce7fedc9a874d968c2996bb2ba36) Importer(815301076,1909f56bfc062723c751e8b465ee728b)  -> (artifact id: '6feecd9b3896c56b8cf02c609ebad7b5') in 0.015882 seconds 
  Import took 0.021862 seconds .

========================================================================
Received Import Request.
  Time since last request: 3.036139 seconds.
  path: Assets/FREEUIASSETPACK_BY@CAMTATZ/Gen UI/UI_WINDOW (3).png
  artifactKey: Guid(21e370dc47358694795fe881b1e3390d) Importer(815301076,1909f56bfc062723c751e8b465ee728b)
Start importing Assets/FREEUIASSETPACK_BY@CAMTATZ/Gen UI/UI_WINDOW (3).png using Guid(21e370dc47358694795fe881b1e3390d) Importer(815301076,1909f56bfc062723c751e8b465ee728b)  -> (artifact id: '4a921fda1e713a4c71d548da761293df') in 0.018438 seconds 
  Import took 0.023477 seconds .

========================================================================
Received Import Request.
  Time since last request: 0.682320 seconds.
  path: Assets/FREEUIASSETPACK_BY@CAMTATZ/Gen UI/UI_WINDOW (8).png
  artifactKey: Guid(dc1100cb853cee649baf216ec0c9f95c) Importer(815301076,1909f56bfc062723c751e8b465ee728b)
Start importing Assets/FREEUIASSETPACK_BY@CAMTATZ/Gen UI/UI_WINDOW (8).png using Guid(dc1100cb853cee649baf216ec0c9f95c) Importer(815301076,1909f56bfc062723c751e8b465ee728b)  -> (artifact id: '9799b9b55a487034c6fd54a80c069fb8') in 0.015756 seconds 
  Import took 0.020899 seconds .

========================================================================
Received Import Request.
  Time since last request: 17.875779 seconds.
  path: Assets/Prefabs/GUI/DialogueBox.prefab
  artifactKey: Guid(250ed92aabed70643a5eaea825e1d72a) Importer(815301076,1909f56bfc062723c751e8b465ee728b)
Start importing Assets/Prefabs/GUI/DialogueBox.prefab using Guid(250ed92aabed70643a5eaea825e1d72a) Importer(815301076,1909f56bfc062723c751e8b465ee728b)  -> (artifact id: 'e6f786f9bfd775541a16eb3d24329f14') in 0.107319 seconds 
  Import took 0.114696 seconds .

========================================================================
Received Import Request.
  Time since last request: 344.989543 seconds.
  path: Assets/FREEUIASSETPACK_BY@CAMTATZ/Gen UI/UI_ETCBAR (1).png
  artifactKey: Guid(d9d2cf2e0e895a041b48f1243f645d38) Importer(815301076,1909f56bfc062723c751e8b465ee728b)
Start importing Assets/FREEUIASSETPACK_BY@CAMTATZ/Gen UI/UI_ETCBAR (1).png using Guid(d9d2cf2e0e895a041b48f1243f645d38) Importer(815301076,1909f56bfc062723c751e8b465ee728b)  -> (artifact id: '7ed2e9bdc8f7bd79f9080d619c704057') in 0.021677 seconds 
  Import took 0.026884 seconds .

========================================================================
Received Import Request.
  Time since last request: 0.530083 seconds.
  path: Assets/FREEUIASSETPACK_BY@CAMTATZ/Gen UI/UI_ETCBAR (2).png
  artifactKey: Guid(39b088c6ab89abd4d8134ecb5e8e8443) Importer(815301076,1909f56bfc062723c751e8b465ee728b)
Start importing Assets/FREEUIASSETPACK_BY@CAMTATZ/Gen UI/UI_ETCBAR (2).png using Guid(39b088c6ab89abd4d8134ecb5e8e8443) Importer(815301076,1909f56bfc062723c751e8b465ee728b)  -> (artifact id: '5436f152413feed1d03e4bc077ef9bd3') in 0.015937 seconds 
  Import took 0.021696 seconds .

========================================================================
Received Import Request.
  Time since last request: 0.453037 seconds.
  path: Assets/FREEUIASSETPACK_BY@CAMTATZ/Gen UI/UI_FULLBAR.png
  artifactKey: Guid(a693fdcc1c4d2384b86e2302a38afea9) Importer(815301076,1909f56bfc062723c751e8b465ee728b)
Start importing Assets/FREEUIASSETPACK_BY@CAMTATZ/Gen UI/UI_FULLBAR.png using Guid(a693fdcc1c4d2384b86e2302a38afea9) Importer(815301076,1909f56bfc062723c751e8b465ee728b)  -> (artifact id: '88e67e86462ec452bdd6569fa8a90be8') in 0.014712 seconds 
  Import took 0.019949 seconds .

========================================================================
Received Import Request.
  Time since last request: 0.548899 seconds.
  path: Assets/FREEUIASSETPACK_BY@CAMTATZ/Gen UI/UI_ETCBAR (3).png
  artifactKey: Guid(195539b0ac22a7c40a4b55a3804ccd9c) Importer(815301076,1909f56bfc062723c751e8b465ee728b)
Start importing Assets/FREEUIASSETPACK_BY@CAMTATZ/Gen UI/UI_ETCBAR (3).png using Guid(195539b0ac22a7c40a4b55a3804ccd9c) Importer(815301076,1909f56bfc062723c751e8b465ee728b)  -> (artifact id: 'dfa13a79850f5e869bcf664d742198f8') in 0.016297 seconds 
  Import took 0.023099 seconds .

========================================================================
Received Import Request.
  Time since last request: 1.529858 seconds.
  path: Assets/FREEUIASSETPACK_BY@CAMTATZ/Gen UI/UI_INPUT.png
  artifactKey: Guid(faa214d31642b784da334bbb0e48ef8c) Importer(815301076,1909f56bfc062723c751e8b465ee728b)
Start importing Assets/FREEUIASSETPACK_BY@CAMTATZ/Gen UI/UI_INPUT.png using Guid(faa214d31642b784da334bbb0e48ef8c) Importer(815301076,1909f56bfc062723c751e8b465ee728b)  -> (artifact id: 'f311c386927354f63c66b717b105a3a5') in 0.014226 seconds 
  Import took 0.020182 seconds .

========================================================================
Received Import Request.
  Time since last request: 0.967179 seconds.
  path: Assets/FREEUIASSETPACK_BY@CAMTATZ/Gen UI/UI_STAR_LARGE.png
  artifactKey: Guid(263cb2a70bfa1a043a1fc51e5e76b957) Importer(815301076,1909f56bfc062723c751e8b465ee728b)
Start importing Assets/FREEUIASSETPACK_BY@CAMTATZ/Gen UI/UI_STAR_LARGE.png using Guid(263cb2a70bfa1a043a1fc51e5e76b957) Importer(815301076,1909f56bfc062723c751e8b465ee728b)  -> (artifact id: 'f2b657d8e954013fb2a27e77ae6815bc') in 0.016730 seconds 
  Import took 0.021747 seconds .

========================================================================
Received Import Request.
  Time since last request: 9.675620 seconds.
  path: Assets/FREEUIASSETPACK_BY@CAMTATZ/Gen UI/UI_HEART_EMPTY.png
  artifactKey: Guid(9781e49fad03ef54aa9d05c4042d32fa) Importer(815301076,1909f56bfc062723c751e8b465ee728b)
Start importing Assets/FREEUIASSETPACK_BY@CAMTATZ/Gen UI/UI_HEART_EMPTY.png using Guid(9781e49fad03ef54aa9d05c4042d32fa) Importer(815301076,1909f56bfc062723c751e8b465ee728b)  -> (artifact id: '3d0b51b19ae3e28f2418134e75f9255b') in 0.019778 seconds 
  Import took 0.024937 seconds .

========================================================================
Received Import Request.
  Time since last request: 57.345359 seconds.
  path: Assets/FREEUIASSETPACK_BY@CAMTATZ/Gen UI/UI_COLORBAR (3).png
  artifactKey: Guid(e596242885134904cb035182958b02cf) Importer(815301076,1909f56bfc062723c751e8b465ee728b)
Start importing Assets/FREEUIASSETPACK_BY@CAMTATZ/Gen UI/UI_COLORBAR (3).png using Guid(e596242885134904cb035182958b02cf) Importer(815301076,1909f56bfc062723c751e8b465ee728b)  -> (artifact id: '7ea7fb03a9b7353e1e8c1f1a0dbefe8a') in 0.018498 seconds 
  Import took 0.022613 seconds .

========================================================================
Received Import Request.
  Time since last request: 0.555052 seconds.
  path: Assets/FREEUIASSETPACK_BY@CAMTATZ/Gen UI/UI_COLORBAR (4).png
  artifactKey: Guid(2dc9fd56d58596141a6abd5cfa103722) Importer(815301076,1909f56bfc062723c751e8b465ee728b)
Start importing Assets/FREEUIASSETPACK_BY@CAMTATZ/Gen UI/UI_COLORBAR (4).png using Guid(2dc9fd56d58596141a6abd5cfa103722) Importer(815301076,1909f56bfc062723c751e8b465ee728b)  -> (artifact id: '25b4641d319ffdb44e96677d7a71056f') in 0.014673 seconds 
  Import took 0.020514 seconds .

========================================================================
Received Import Request.
  Time since last request: 16.593637 seconds.
  path: Assets/FREEUIASSETPACK_BY@CAMTATZ/Buttons/BTN_SLIDER (10).png
  artifactKey: Guid(b35db5286c788a44f9c6ad79deee56c5) Importer(815301076,1909f56bfc062723c751e8b465ee728b)
Start importing Assets/FREEUIASSETPACK_BY@CAMTATZ/Buttons/BTN_SLIDER (10).png using Guid(b35db5286c788a44f9c6ad79deee56c5) Importer(815301076,1909f56bfc062723c751e8b465ee728b)  -> (artifact id: '077245f260c101461973e6cb443a8059') in 0.019762 seconds 
  Import took 0.024588 seconds .

========================================================================
Received Import Request.
  Time since last request: 0.681010 seconds.
  path: Assets/FREEUIASSETPACK_BY@CAMTATZ/Buttons/BTN_SLIDER (8).png
  artifactKey: Guid(9f1eac36f1111854797414d7e9c2deb5) Importer(815301076,1909f56bfc062723c751e8b465ee728b)
Start importing Assets/FREEUIASSETPACK_BY@CAMTATZ/Buttons/BTN_SLIDER (8).png using Guid(9f1eac36f1111854797414d7e9c2deb5) Importer(815301076,1909f56bfc062723c751e8b465ee728b)  -> (artifact id: '47e833e6b6c02167bc26f34867885067') in 0.016789 seconds 
  Import took 0.023349 seconds .

========================================================================
Received Import Request.
  Time since last request: 7.483132 seconds.
  path: Assets/FREEUIASSETPACK_BY@CAMTATZ/Buttons/BTN_SLIDER_SM (1).png
  artifactKey: Guid(2d61c865df5a46a4484378249916d110) Importer(815301076,1909f56bfc062723c751e8b465ee728b)
Start importing Assets/FREEUIASSETPACK_BY@CAMTATZ/Buttons/BTN_SLIDER_SM (1).png using Guid(2d61c865df5a46a4484378249916d110) Importer(815301076,1909f56bfc062723c751e8b465ee728b)  -> (artifact id: 'ffc1f98dc120a99c748f9bc15a0be62f') in 0.021056 seconds 
  Import took 0.025173 seconds .

========================================================================
Received Import Request.
  Time since last request: 0.496958 seconds.
  path: Assets/FREEUIASSETPACK_BY@CAMTATZ/Buttons/BTN_SLIDER_SM (2).png
  artifactKey: Guid(e18f4f510ff01004caa04926f272e1e3) Importer(815301076,1909f56bfc062723c751e8b465ee728b)
Start importing Assets/FREEUIASSETPACK_BY@CAMTATZ/Buttons/BTN_SLIDER_SM (2).png using Guid(e18f4f510ff01004caa04926f272e1e3) Importer(815301076,1909f56bfc062723c751e8b465ee728b)  -> (artifact id: '2a0a35d3453f85524d544a9b2f1791d6') in 0.014593 seconds 
  Import took 0.019742 seconds .

========================================================================
Received Import Request.
  Time since last request: 1.735235 seconds.
  path: Assets/FREEUIASSETPACK_BY@CAMTATZ/Buttons/BTN_SLIDER_SM (3).png
  artifactKey: Guid(fbd1b8ed643d9764590b71e735ea7fae) Importer(815301076,1909f56bfc062723c751e8b465ee728b)
Start importing Assets/FREEUIASSETPACK_BY@CAMTATZ/Buttons/BTN_SLIDER_SM (3).png using Guid(fbd1b8ed643d9764590b71e735ea7fae) Importer(815301076,1909f56bfc062723c751e8b465ee728b)  -> (artifact id: 'f27d72c4a64be61f5279f6a680919595') in 0.014875 seconds 
  Import took 0.019698 seconds .

========================================================================
Received Import Request.
  Time since last request: 9.173587 seconds.
  path: Assets/FREEUIASSETPACK_BY@CAMTATZ/Buttons/BTN_SLIDER (1).png
  artifactKey: Guid(d4dfbf949ebc60844b5055c220b40073) Importer(815301076,1909f56bfc062723c751e8b465ee728b)
Start importing Assets/FREEUIASSETPACK_BY@CAMTATZ/Buttons/BTN_SLIDER (1).png using Guid(d4dfbf949ebc60844b5055c220b40073) Importer(815301076,1909f56bfc062723c751e8b465ee728b)  -> (artifact id: '69842b872efaf3606a042aabc7caa71d') in 0.022615 seconds 
  Import took 0.026971 seconds .

========================================================================
Received Import Request.
  Time since last request: 0.319557 seconds.
  path: Assets/FREEUIASSETPACK_BY@CAMTATZ/Buttons/BTN_SLIDER (2).png
  artifactKey: Guid(dbe14a3f73329dc49b4289d597365257) Importer(815301076,1909f56bfc062723c751e8b465ee728b)
Start importing Assets/FREEUIASSETPACK_BY@CAMTATZ/Buttons/BTN_SLIDER (2).png using Guid(dbe14a3f73329dc49b4289d597365257) Importer(815301076,1909f56bfc062723c751e8b465ee728b)  -> (artifact id: '8dac898354fead5d01d161b7aade2364') in 0.019724 seconds 
  Import took 0.024756 seconds .

========================================================================
Received Import Request.
  Time since last request: 5.411690 seconds.
  path: Assets/FREEUIASSETPACK_BY@CAMTATZ/Gen UI/UI_COLORBAR (2).png
  artifactKey: Guid(c4f28737c164ad34facac29671946291) Importer(815301076,1909f56bfc062723c751e8b465ee728b)
Start importing Assets/FREEUIASSETPACK_BY@CAMTATZ/Gen UI/UI_COLORBAR (2).png using Guid(c4f28737c164ad34facac29671946291) Importer(815301076,1909f56bfc062723c751e8b465ee728b)  -> (artifact id: 'fd8bca08347f06088e48584ce30cca7f') in 0.019190 seconds 
  Import took 0.023544 seconds .

========================================================================
Received Import Request.
  Time since last request: 0.394251 seconds.
  path: Assets/FREEUIASSETPACK_BY@CAMTATZ/Gen UI/UI_COLORBAR (1).png
  artifactKey: Guid(70ead30c92f828c4cb866d8f9a257e3f) Importer(815301076,1909f56bfc062723c751e8b465ee728b)
Start importing Assets/FREEUIASSETPACK_BY@CAMTATZ/Gen UI/UI_COLORBAR (1).png using Guid(70ead30c92f828c4cb866d8f9a257e3f) Importer(815301076,1909f56bfc062723c751e8b465ee728b)  -> (artifact id: '9613cb98d7724b02c9ccb1491c81a69f') in 0.013664 seconds 
  Import took 0.019727 seconds .

========================================================================
Received Import Request.
  Time since last request: 198.760566 seconds.
  path: Assets/Fonts/6809 chargen.ttf
  artifactKey: Guid(53bd2da7b9ef39c4d9448fad5700e900) Importer(815301076,1909f56bfc062723c751e8b465ee728b)
Start importing Assets/Fonts/6809 chargen.ttf using Guid(53bd2da7b9ef39c4d9448fad5700e900) Importer(815301076,1909f56bfc062723c751e8b465ee728b)  -> (artifact id: '2eba5dc582209710512c95fbf6c2d478') in 0.076207 seconds 
  Import took 0.082450 seconds .

========================================================================
Received Import Request.
  Time since last request: 0.000256 seconds.
  path: Assets/TextMesh Pro/Fonts/LiberationSans.ttf
  artifactKey: Guid(e3265ab4bf004d28a9537516768c1c75) Importer(815301076,1909f56bfc062723c751e8b465ee728b)
Start importing Assets/TextMesh Pro/Fonts/LiberationSans.ttf using Guid(e3265ab4bf004d28a9537516768c1c75) Importer(815301076,1909f56bfc062723c751e8b465ee728b)  -> (artifact id: '5120fc50d30b664d098b7987096d7454') in 0.027263 seconds 
  Import took 0.032612 seconds .

========================================================================
Received Import Request.
  Time since last request: 0.000917 seconds.
  path: Assets/SimplePixelUI/fonts/Font2/pixelfont2.ttf
  artifactKey: Guid(a6dede01cb8e479429b8bc5253a2ad2f) Importer(815301076,1909f56bfc062723c751e8b465ee728b)
Start importing Assets/SimplePixelUI/fonts/Font2/pixelfont2.ttf using Guid(a6dede01cb8e479429b8bc5253a2ad2f) Importer(815301076,1909f56bfc062723c751e8b465ee728b)  -> (artifact id: 'a33030045ede3b2d28a225ec13c13b3c') in 0.018435 seconds 
  Import took 0.025154 seconds .

========================================================================
Received Import Request.
  Time since last request: 0.000179 seconds.
  path: Assets/SimplePixelUI/fonts/Font1/pixelfont.ttf
  artifactKey: Guid(b6349d08a5335cd4aa534282435d11cc) Importer(815301076,1909f56bfc062723c751e8b465ee728b)
Start importing Assets/SimplePixelUI/fonts/Font1/pixelfont.ttf using Guid(b6349d08a5335cd4aa534282435d11cc) Importer(815301076,1909f56bfc062723c751e8b465ee728b)  -> (artifact id: 'd6e076bdf0ec4f257682c06f67299c03') in 0.023532 seconds 
  Import took 0.030440 seconds .

========================================================================
Received Import Request.
  Time since last request: 105.171085 seconds.
  path: Assets/Prefabs/GUI/LevelSelect.prefab
  artifactKey: Guid(726369f805655354e9112e73155f26c1) Importer(815301076,1909f56bfc062723c751e8b465ee728b)
Start importing Assets/Prefabs/GUI/LevelSelect.prefab using Guid(726369f805655354e9112e73155f26c1) Importer(815301076,1909f56bfc062723c751e8b465ee728b)  -> (artifact id: '53ca31d998b3404686aa5075045141dd') in 0.029031 seconds 
  Import took 0.035334 seconds .

========================================================================
Received Import Request.
  Time since last request: 1.787070 seconds.
  path: Assets/Prefabs/GUI/MainMenu.prefab
  artifactKey: Guid(2a6b5589871c98c449e5674102fbaaef) Importer(815301076,1909f56bfc062723c751e8b465ee728b)
Start importing Assets/Prefabs/GUI/MainMenu.prefab using Guid(2a6b5589871c98c449e5674102fbaaef) Importer(815301076,1909f56bfc062723c751e8b465ee728b)  -> (artifact id: 'ce324cc115562bd4462cccbd02c220bb') in 0.025208 seconds 
  Import took 0.029401 seconds .

========================================================================
Received Prepare
Registering precompiled user dll's ...
Registered in 0.006913 seconds.
Begin MonoManager ReloadAssembly
Native extension for WindowsStandalone target not found
Native extension for WebGL target not found
Refreshing native plugins compatible for Editor in 0.73 ms, found 3 plugins.
Preloading 0 native plugins for Editor in 0.00 ms.
Mono: successfully reloaded assembly
- Completed reload, in  1.058 seconds
Domain Reload Profiling:
	ReloadAssembly (1059ms)
		BeginReloadAssembly (149ms)
			ExecutionOrderSort (0ms)
			DisableScriptedObjects (7ms)
			BackupInstance (0ms)
			ReleaseScriptingObjects (0ms)
			CreateAndSetChildDomain (59ms)
		EndReloadAssembly (851ms)
			LoadAssemblies (100ms)
			RebuildTransferFunctionScriptingTraits (0ms)
			SetupTypeCache (305ms)
			ReleaseScriptCaches (1ms)
			RebuildScriptCaches (42ms)
			SetupLoadedEditorAssemblies (291ms)
				LogAssemblyErrors (0ms)
				InitializePlatformSupportModulesInManaged (5ms)
				SetLoadedEditorAssemblies (1ms)
				RefreshPlugins (1ms)
				BeforeProcessingInitializeOnLoad (84ms)
				ProcessInitializeOnLoadAttributes (191ms)
				ProcessInitializeOnLoadMethodAttributes (9ms)
				AfterProcessingInitializeOnLoad (1ms)
				EditorAssembliesLoaded (0ms)
			ExecutionOrderSort2 (0ms)
			AwakeInstancesAfterBackupRestoration (9ms)
Platform modules already initialized, skipping
Refreshing native plugins compatible for Editor in 1.50 ms, found 3 plugins.
Preloading 0 native plugins for Editor in 0.00 ms.
Unloading 2399 Unused Serialized files (Serialized files now loaded: 0)
System memory in use before: 110.1 MB.
System memory in use after: 110.3 MB.

Unloading 20 unused Assets to reduce memory usage. Loaded Objects now: 2933.
Total: 5.922400 ms (FindLiveObjects: 0.639900 ms CreateObjectMapping: 0.583900 ms MarkObjects: 4.654600 ms  DeleteObjects: 0.042100 ms)

AssetImportParameters requested are different than current active one (requested -> active):
  custom:framework-win-MediaFoundation: 216162199b28c13a410421893ffa2e32 -> 
  custom:video-decoder-ogg-theora: a1e56fd34408186e4bbccfd4996cb3dc -> 
  custom:container-muxer-webm: aa71ff27fc2769a1b78a27578f13a17b -> 
  custom:container-demuxer-webm: 4f35f7cbe854078d1ac9338744f61a02 -> 
  custom:container-demuxer-ogg: 62fdf1f143b41e24485cea50d1cbac27 -> 
  custom:video-encoder-webm-vp8: eb34c28f22e8b96e1ab97ce403110664 -> 
  custom:video-decoder-webm-vp8: 9c59270c3fd7afecdb556c50c9e8de78 -> 
  custom:audio-decoder-ogg-vorbis: bf7c407c2cedff20999df2af8eb42d56 -> 
  custom:audio-encoder-webm-vorbis: bf7c407c2cedff20999df2af8eb42d56 -> 
========================================================================
Received Prepare
Registering precompiled user dll's ...
Registered in 0.019254 seconds.
Begin MonoManager ReloadAssembly
Native extension for WindowsStandalone target not found
Native extension for WebGL target not found
Refreshing native plugins compatible for Editor in 0.91 ms, found 3 plugins.
Preloading 0 native plugins for Editor in 0.00 ms.
Mono: successfully reloaded assembly
- Completed reload, in  1.265 seconds
Domain Reload Profiling:
	ReloadAssembly (1266ms)
		BeginReloadAssembly (179ms)
			ExecutionOrderSort (0ms)
			DisableScriptedObjects (9ms)
			BackupInstance (0ms)
			ReleaseScriptingObjects (0ms)
			CreateAndSetChildDomain (70ms)
		EndReloadAssembly (1011ms)
			LoadAssemblies (212ms)
			RebuildTransferFunctionScriptingTraits (0ms)
			SetupTypeCache (398ms)
			ReleaseScriptCaches (1ms)
			RebuildScriptCaches (46ms)
			SetupLoadedEditorAssemblies (290ms)
				LogAssemblyErrors (0ms)
				InitializePlatformSupportModulesInManaged (5ms)
				SetLoadedEditorAssemblies (0ms)
				RefreshPlugins (1ms)
				BeforeProcessingInitializeOnLoad (84ms)
				ProcessInitializeOnLoadAttributes (186ms)
				ProcessInitializeOnLoadMethodAttributes (11ms)
				AfterProcessingInitializeOnLoad (1ms)
				EditorAssembliesLoaded (0ms)
			ExecutionOrderSort2 (0ms)
			AwakeInstancesAfterBackupRestoration (8ms)
Platform modules already initialized, skipping
Refreshing native plugins compatible for Editor in 1.07 ms, found 3 plugins.
Preloading 0 native plugins for Editor in 0.00 ms.
Unloading 2399 Unused Serialized files (Serialized files now loaded: 0)
System memory in use before: 110.2 MB.
System memory in use after: 110.4 MB.

Unloading 19 unused Assets to reduce memory usage. Loaded Objects now: 2935.
Total: 3.841700 ms (FindLiveObjects: 0.340400 ms CreateObjectMapping: 0.206500 ms MarkObjects: 3.267500 ms  DeleteObjects: 0.025900 ms)

AssetImportParameters requested are different than current active one (requested -> active):
  custom:framework-win-MediaFoundation: 216162199b28c13a410421893ffa2e32 -> 
  custom:video-decoder-ogg-theora: a1e56fd34408186e4bbccfd4996cb3dc -> 
  custom:container-muxer-webm: aa71ff27fc2769a1b78a27578f13a17b -> 
  custom:container-demuxer-webm: 4f35f7cbe854078d1ac9338744f61a02 -> 
  custom:container-demuxer-ogg: 62fdf1f143b41e24485cea50d1cbac27 -> 
  custom:video-encoder-webm-vp8: eb34c28f22e8b96e1ab97ce403110664 -> 
  custom:video-decoder-webm-vp8: 9c59270c3fd7afecdb556c50c9e8de78 -> 
  custom:audio-decoder-ogg-vorbis: bf7c407c2cedff20999df2af8eb42d56 -> 
  custom:audio-encoder-webm-vorbis: bf7c407c2cedff20999df2af8eb42d56 -> 
========================================================================
Received Import Request.
  Time since last request: 356.754649 seconds.
  path: Assets/Mixer
  artifactKey: Guid(e2564e3b14c87b04eacf24b8240a8489) Importer(815301076,1909f56bfc062723c751e8b465ee728b)
Start importing Assets/Mixer using Guid(e2564e3b14c87b04eacf24b8240a8489) Importer(815301076,1909f56bfc062723c751e8b465ee728b)  -> (artifact id: '0b79dacd5f14b4f8b8e444c193bbb6fb') in 0.015296 seconds 
  Import took 0.020964 seconds .

========================================================================
Received Import Request.
  Time since last request: 10.642405 seconds.
  path: Assets/Mixer/SFXMixer.mixer
  artifactKey: Guid(16fdff98ece79f944afe4bc88ef6bafb) Importer(815301076,1909f56bfc062723c751e8b465ee728b)
Start importing Assets/Mixer/SFXMixer.mixer using Guid(16fdff98ece79f944afe4bc88ef6bafb) Importer(815301076,1909f56bfc062723c751e8b465ee728b)  -> (artifact id: '9480b6814d103a0c8a418ad0decd1c4a') in 0.032593 seconds 
  Import took 0.038974 seconds .

========================================================================
Received Prepare
Registering precompiled user dll's ...
Registered in 0.004087 seconds.
Begin MonoManager ReloadAssembly
Native extension for WindowsStandalone target not found
Native extension for WebGL target not found
Refreshing native plugins compatible for Editor in 1.49 ms, found 3 plugins.
Preloading 0 native plugins for Editor in 0.00 ms.
Mono: successfully reloaded assembly
- Completed reload, in  1.959 seconds
Domain Reload Profiling:
	ReloadAssembly (1960ms)
		BeginReloadAssembly (229ms)
			ExecutionOrderSort (0ms)
			DisableScriptedObjects (8ms)
			BackupInstance (0ms)
			ReleaseScriptingObjects (0ms)
			CreateAndSetChildDomain (95ms)
		EndReloadAssembly (1626ms)
			LoadAssemblies (216ms)
			RebuildTransferFunctionScriptingTraits (0ms)
			SetupTypeCache (630ms)
			ReleaseScriptCaches (3ms)
			RebuildScriptCaches (74ms)
			SetupLoadedEditorAssemblies (579ms)
				LogAssemblyErrors (0ms)
				InitializePlatformSupportModulesInManaged (11ms)
				SetLoadedEditorAssemblies (2ms)
				RefreshPlugins (2ms)
				BeforeProcessingInitializeOnLoad (180ms)
				ProcessInitializeOnLoadAttributes (359ms)
				ProcessInitializeOnLoadMethodAttributes (22ms)
				AfterProcessingInitializeOnLoad (3ms)
				EditorAssembliesLoaded (0ms)
			ExecutionOrderSort2 (0ms)
			AwakeInstancesAfterBackupRestoration (18ms)
Platform modules already initialized, skipping
Refreshing native plugins compatible for Editor in 4.86 ms, found 3 plugins.
Preloading 0 native plugins for Editor in 0.00 ms.
Unloading 2399 Unused Serialized files (Serialized files now loaded: 0)
System memory in use before: 110.2 MB.
System memory in use after: 110.4 MB.

Unloading 19 unused Assets to reduce memory usage. Loaded Objects now: 2937.
Total: 8.815700 ms (FindLiveObjects: 1.255700 ms CreateObjectMapping: 0.953100 ms MarkObjects: 6.516900 ms  DeleteObjects: 0.086200 ms)

AssetImportParameters requested are different than current active one (requested -> active):
  custom:framework-win-MediaFoundation: 216162199b28c13a410421893ffa2e32 -> 
  custom:video-decoder-ogg-theora: a1e56fd34408186e4bbccfd4996cb3dc -> 
  custom:container-muxer-webm: aa71ff27fc2769a1b78a27578f13a17b -> 
  custom:container-demuxer-webm: 4f35f7cbe854078d1ac9338744f61a02 -> 
  custom:container-demuxer-ogg: 62fdf1f143b41e24485cea50d1cbac27 -> 
  custom:video-encoder-webm-vp8: eb34c28f22e8b96e1ab97ce403110664 -> 
  custom:video-decoder-webm-vp8: 9c59270c3fd7afecdb556c50c9e8de78 -> 
  custom:audio-decoder-ogg-vorbis: bf7c407c2cedff20999df2af8eb42d56 -> 
  custom:audio-encoder-webm-vorbis: bf7c407c2cedff20999df2af8eb42d56 -> 
========================================================================
Received Import Request.
  Time since last request: 99.348216 seconds.
  path: Assets/NewAudioMixer.mixer
  artifactKey: Guid(fe4957d70b31a7240bf115add2ad2ff7) Importer(815301076,1909f56bfc062723c751e8b465ee728b)
Start importing Assets/NewAudioMixer.mixer using Guid(fe4957d70b31a7240bf115add2ad2ff7) Importer(815301076,1909f56bfc062723c751e8b465ee728b)  -> (artifact id: 'ecf6345df83b200e8e3e74614e445fbf') in 0.016820 seconds 
  Import took 0.020650 seconds .

========================================================================
Received Import Request.
  Time since last request: 47.927423 seconds.
  path: Assets/Scenes/MainMenu.unity
  artifactKey: Guid(ae6d650a58d323f47b8f5699ae7c01c8) Importer(815301076,1909f56bfc062723c751e8b465ee728b)
Start importing Assets/Scenes/MainMenu.unity using Guid(ae6d650a58d323f47b8f5699ae7c01c8) Importer(815301076,1909f56bfc062723c751e8b465ee728b)  -> (artifact id: '4d96ac69a72a249eca8a8b99522c0b12') in 0.016696 seconds 
  Import took 0.022570 seconds .

========================================================================
Received Prepare
Registering precompiled user dll's ...
Registered in 0.005448 seconds.
Begin MonoManager ReloadAssembly
Native extension for WindowsStandalone target not found
Native extension for WebGL target not found
Refreshing native plugins compatible for Editor in 0.59 ms, found 3 plugins.
Preloading 0 native plugins for Editor in 0.00 ms.
Mono: successfully reloaded assembly
- Completed reload, in  0.931 seconds
Domain Reload Profiling:
	ReloadAssembly (932ms)
		BeginReloadAssembly (103ms)
			ExecutionOrderSort (0ms)
			DisableScriptedObjects (6ms)
			BackupInstance (0ms)
			ReleaseScriptingObjects (0ms)
			CreateAndSetChildDomain (31ms)
		EndReloadAssembly (783ms)
			LoadAssemblies (89ms)
			RebuildTransferFunctionScriptingTraits (0ms)
			SetupTypeCache (271ms)
			ReleaseScriptCaches (1ms)
			RebuildScriptCaches (43ms)
			SetupLoadedEditorAssemblies (294ms)
				LogAssemblyErrors (0ms)
				InitializePlatformSupportModulesInManaged (6ms)
				SetLoadedEditorAssemblies (0ms)
				RefreshPlugins (1ms)
				BeforeProcessingInitializeOnLoad (87ms)
				ProcessInitializeOnLoadAttributes (189ms)
				ProcessInitializeOnLoadMethodAttributes (10ms)
				AfterProcessingInitializeOnLoad (1ms)
				EditorAssembliesLoaded (0ms)
			ExecutionOrderSort2 (0ms)
			AwakeInstancesAfterBackupRestoration (8ms)
Platform modules already initialized, skipping
Refreshing native plugins compatible for Editor in 0.58 ms, found 3 plugins.
Preloading 0 native plugins for Editor in 0.00 ms.
Unloading 2399 Unused Serialized files (Serialized files now loaded: 0)
System memory in use before: 110.2 MB.
System memory in use after: 110.4 MB.

Unloading 19 unused Assets to reduce memory usage. Loaded Objects now: 2939.
Total: 2.795300 ms (FindLiveObjects: 0.230100 ms CreateObjectMapping: 0.110500 ms MarkObjects: 2.420500 ms  DeleteObjects: 0.033400 ms)

AssetImportParameters requested are different than current active one (requested -> active):
  custom:framework-win-MediaFoundation: 216162199b28c13a410421893ffa2e32 -> 
  custom:video-decoder-ogg-theora: a1e56fd34408186e4bbccfd4996cb3dc -> 
  custom:container-muxer-webm: aa71ff27fc2769a1b78a27578f13a17b -> 
  custom:container-demuxer-webm: 4f35f7cbe854078d1ac9338744f61a02 -> 
  custom:container-demuxer-ogg: 62fdf1f143b41e24485cea50d1cbac27 -> 
  custom:video-encoder-webm-vp8: eb34c28f22e8b96e1ab97ce403110664 -> 
  custom:video-decoder-webm-vp8: 9c59270c3fd7afecdb556c50c9e8de78 -> 
  custom:audio-decoder-ogg-vorbis: bf7c407c2cedff20999df2af8eb42d56 -> 
  custom:audio-encoder-webm-vorbis: bf7c407c2cedff20999df2af8eb42d56 -> 
========================================================================
Received Import Request.
  Time since last request: 276.642565 seconds.
  path: Assets/Mixer/SFXMixer.mixer
  artifactKey: Guid(16fdff98ece79f944afe4bc88ef6bafb) Importer(815301076,1909f56bfc062723c751e8b465ee728b)
Start importing Assets/Mixer/SFXMixer.mixer using Guid(16fdff98ece79f944afe4bc88ef6bafb) Importer(815301076,1909f56bfc062723c751e8b465ee728b)  -> (artifact id: 'bc007eb10b0185a280ff345c9376bb96') in 0.015759 seconds 
  Import took 0.019866 seconds .

========================================================================
Received Prepare
Registering precompiled user dll's ...
Registered in 0.007837 seconds.
Begin MonoManager ReloadAssembly
Native extension for WindowsStandalone target not found
Native extension for WebGL target not found
Refreshing native plugins compatible for Editor in 0.74 ms, found 3 plugins.
Preloading 0 native plugins for Editor in 0.00 ms.
Mono: successfully reloaded assembly
- Completed reload, in  0.915 seconds
Domain Reload Profiling:
	ReloadAssembly (916ms)
		BeginReloadAssembly (111ms)
			ExecutionOrderSort (0ms)
			DisableScriptedObjects (5ms)
			BackupInstance (0ms)
			ReleaseScriptingObjects (0ms)
			CreateAndSetChildDomain (34ms)
		EndReloadAssembly (754ms)
			LoadAssemblies (90ms)
			RebuildTransferFunctionScriptingTraits (0ms)
			SetupTypeCache (273ms)
			ReleaseScriptCaches (1ms)
			RebuildScriptCaches (40ms)
			SetupLoadedEditorAssemblies (272ms)
				LogAssemblyErrors (0ms)
				InitializePlatformSupportModulesInManaged (5ms)
				SetLoadedEditorAssemblies (0ms)
				RefreshPlugins (1ms)
				BeforeProcessingInitializeOnLoad (81ms)
				ProcessInitializeOnLoadAttributes (174ms)
				ProcessInitializeOnLoadMethodAttributes (10ms)
				AfterProcessingInitializeOnLoad (1ms)
				EditorAssembliesLoaded (0ms)
			ExecutionOrderSort2 (0ms)
			AwakeInstancesAfterBackupRestoration (8ms)
Platform modules already initialized, skipping
Refreshing native plugins compatible for Editor in 0.55 ms, found 3 plugins.
Preloading 0 native plugins for Editor in 0.00 ms.
Unloading 2399 Unused Serialized files (Serialized files now loaded: 0)
System memory in use before: 110.1 MB.
System memory in use after: 110.3 MB.

Unloading 19 unused Assets to reduce memory usage. Loaded Objects now: 2941.
Total: 3.519100 ms (FindLiveObjects: 0.220900 ms CreateObjectMapping: 0.092000 ms MarkObjects: 3.191000 ms  DeleteObjects: 0.014500 ms)

AssetImportParameters requested are different than current active one (requested -> active):
  custom:framework-win-MediaFoundation: 216162199b28c13a410421893ffa2e32 -> 
  custom:video-decoder-ogg-theora: a1e56fd34408186e4bbccfd4996cb3dc -> 
  custom:container-muxer-webm: aa71ff27fc2769a1b78a27578f13a17b -> 
  custom:container-demuxer-webm: 4f35f7cbe854078d1ac9338744f61a02 -> 
  custom:container-demuxer-ogg: 62fdf1f143b41e24485cea50d1cbac27 -> 
  custom:video-encoder-webm-vp8: eb34c28f22e8b96e1ab97ce403110664 -> 
  custom:video-decoder-webm-vp8: 9c59270c3fd7afecdb556c50c9e8de78 -> 
  custom:audio-decoder-ogg-vorbis: bf7c407c2cedff20999df2af8eb42d56 -> 
  custom:audio-encoder-webm-vorbis: bf7c407c2cedff20999df2af8eb42d56 -> 
========================================================================
Received Prepare
Registering precompiled user dll's ...
Registered in 0.006069 seconds.
Begin MonoManager ReloadAssembly
Native extension for WindowsStandalone target not found
Native extension for WebGL target not found
Refreshing native plugins compatible for Editor in 0.75 ms, found 3 plugins.
Preloading 0 native plugins for Editor in 0.00 ms.
Mono: successfully reloaded assembly
- Completed reload, in  1.208 seconds
Domain Reload Profiling:
	ReloadAssembly (1209ms)
		BeginReloadAssembly (150ms)
			ExecutionOrderSort (0ms)
			DisableScriptedObjects (8ms)
			BackupInstance (0ms)
			ReleaseScriptingObjects (0ms)
			CreateAndSetChildDomain (52ms)
		EndReloadAssembly (988ms)
			LoadAssemblies (140ms)
			RebuildTransferFunctionScriptingTraits (0ms)
			SetupTypeCache (407ms)
			ReleaseScriptCaches (1ms)
			RebuildScriptCaches (61ms)
			SetupLoadedEditorAssemblies (300ms)
				LogAssemblyErrors (0ms)
				InitializePlatformSupportModulesInManaged (7ms)
				SetLoadedEditorAssemblies (0ms)
				RefreshPlugins (1ms)
				BeforeProcessingInitializeOnLoad (98ms)
				ProcessInitializeOnLoadAttributes (184ms)
				ProcessInitializeOnLoadMethodAttributes (8ms)
				AfterProcessingInitializeOnLoad (1ms)
				EditorAssembliesLoaded (0ms)
			ExecutionOrderSort2 (0ms)
			AwakeInstancesAfterBackupRestoration (9ms)
Platform modules already initialized, skipping
Refreshing native plugins compatible for Editor in 0.54 ms, found 3 plugins.
Preloading 0 native plugins for Editor in 0.00 ms.
Unloading 2399 Unused Serialized files (Serialized files now loaded: 0)
System memory in use before: 110.2 MB.
System memory in use after: 110.4 MB.

Unloading 19 unused Assets to reduce memory usage. Loaded Objects now: 2943.
Total: 3.529400 ms (FindLiveObjects: 0.565400 ms CreateObjectMapping: 0.294300 ms MarkObjects: 2.631700 ms  DeleteObjects: 0.037100 ms)

AssetImportParameters requested are different than current active one (requested -> active):
  custom:framework-win-MediaFoundation: 216162199b28c13a410421893ffa2e32 -> 
  custom:video-decoder-ogg-theora: a1e56fd34408186e4bbccfd4996cb3dc -> 
  custom:container-muxer-webm: aa71ff27fc2769a1b78a27578f13a17b -> 
  custom:container-demuxer-webm: 4f35f7cbe854078d1ac9338744f61a02 -> 
  custom:container-demuxer-ogg: 62fdf1f143b41e24485cea50d1cbac27 -> 
  custom:video-encoder-webm-vp8: eb34c28f22e8b96e1ab97ce403110664 -> 
  custom:video-decoder-webm-vp8: 9c59270c3fd7afecdb556c50c9e8de78 -> 
  custom:audio-decoder-ogg-vorbis: bf7c407c2cedff20999df2af8eb42d56 -> 
  custom:audio-encoder-webm-vorbis: bf7c407c2cedff20999df2af8eb42d56 -> 
========================================================================
Received Import Request.
  Time since last request: 182.739993 seconds.
  path: Assets/Prefabs/Effect/AudioManager.prefab
  artifactKey: Guid(9fccc418997cf294a898eb161644776d) Importer(815301076,1909f56bfc062723c751e8b465ee728b)
Start importing Assets/Prefabs/Effect/AudioManager.prefab using Guid(9fccc418997cf294a898eb161644776d) Importer(815301076,1909f56bfc062723c751e8b465ee728b)  -> (artifact id: '7b77afd3fff29d98330a5108ca632191') in 0.037256 seconds 
  Import took 0.041576 seconds .

========================================================================
Received Import Request.
  Time since last request: 2.942466 seconds.
  path: Assets/Prefabs/Effect/AudioManager.prefab
  artifactKey: Guid(9fccc418997cf294a898eb161644776d) Importer(815301076,1909f56bfc062723c751e8b465ee728b)
Start importing Assets/Prefabs/Effect/AudioManager.prefab using Guid(9fccc418997cf294a898eb161644776d) Importer(815301076,1909f56bfc062723c751e8b465ee728b)  -> (artifact id: '689f29b8f51d820230ff74e3efd6e34a') in 0.007918 seconds 
  Import took 0.013645 seconds .

========================================================================
Received Prepare
Registering precompiled user dll's ...
Registered in 0.005290 seconds.
Begin MonoManager ReloadAssembly
Native extension for WindowsStandalone target not found
Native extension for WebGL target not found
Refreshing native plugins compatible for Editor in 1.44 ms, found 3 plugins.
Preloading 0 native plugins for Editor in 0.00 ms.
Mono: successfully reloaded assembly
- Completed reload, in  1.420 seconds
Domain Reload Profiling:
	ReloadAssembly (1420ms)
		BeginReloadAssembly (175ms)
			ExecutionOrderSort (0ms)
			DisableScriptedObjects (10ms)
			BackupInstance (0ms)
			ReleaseScriptingObjects (0ms)
			CreateAndSetChildDomain (68ms)
		EndReloadAssembly (1171ms)
			LoadAssemblies (147ms)
			RebuildTransferFunctionScriptingTraits (0ms)
			SetupTypeCache (471ms)
			ReleaseScriptCaches (1ms)
			RebuildScriptCaches (68ms)
			SetupLoadedEditorAssemblies (380ms)
				LogAssemblyErrors (0ms)
				InitializePlatformSupportModulesInManaged (7ms)
				SetLoadedEditorAssemblies (1ms)
				RefreshPlugins (2ms)
				BeforeProcessingInitializeOnLoad (118ms)
				ProcessInitializeOnLoadAttributes (239ms)
				ProcessInitializeOnLoadMethodAttributes (10ms)
				AfterProcessingInitializeOnLoad (3ms)
				EditorAssembliesLoaded (0ms)
			ExecutionOrderSort2 (0ms)
			AwakeInstancesAfterBackupRestoration (9ms)
Platform modules already initialized, skipping
Refreshing native plugins compatible for Editor in 1.44 ms, found 3 plugins.
Preloading 0 native plugins for Editor in 0.00 ms.
Unloading 2399 Unused Serialized files (Serialized files now loaded: 0)
System memory in use before: 110.2 MB.
System memory in use after: 110.5 MB.

Unloading 19 unused Assets to reduce memory usage. Loaded Objects now: 2945.
Total: 5.041500 ms (FindLiveObjects: 0.866200 ms CreateObjectMapping: 0.188800 ms MarkObjects: 3.961900 ms  DeleteObjects: 0.023400 ms)

AssetImportParameters requested are different than current active one (requested -> active):
  custom:framework-win-MediaFoundation: 216162199b28c13a410421893ffa2e32 -> 
  custom:video-decoder-ogg-theora: a1e56fd34408186e4bbccfd4996cb3dc -> 
  custom:container-muxer-webm: aa71ff27fc2769a1b78a27578f13a17b -> 
  custom:container-demuxer-webm: 4f35f7cbe854078d1ac9338744f61a02 -> 
  custom:container-demuxer-ogg: 62fdf1f143b41e24485cea50d1cbac27 -> 
  custom:video-encoder-webm-vp8: eb34c28f22e8b96e1ab97ce403110664 -> 
  custom:video-decoder-webm-vp8: 9c59270c3fd7afecdb556c50c9e8de78 -> 
  custom:audio-decoder-ogg-vorbis: bf7c407c2cedff20999df2af8eb42d56 -> 
  custom:audio-encoder-webm-vorbis: bf7c407c2cedff20999df2af8eb42d56 -> 
========================================================================
Received Prepare
Registering precompiled user dll's ...
Registered in 0.004197 seconds.
Begin MonoManager ReloadAssembly
Native extension for WindowsStandalone target not found
Native extension for WebGL target not found
Refreshing native plugins compatible for Editor in 0.60 ms, found 3 plugins.
Preloading 0 native plugins for Editor in 0.00 ms.
Mono: successfully reloaded assembly
- Completed reload, in  1.132 seconds
Domain Reload Profiling:
	ReloadAssembly (1132ms)
		BeginReloadAssembly (103ms)
			ExecutionOrderSort (0ms)
			DisableScriptedObjects (6ms)
			BackupInstance (0ms)
			ReleaseScriptingObjects (0ms)
			CreateAndSetChildDomain (31ms)
		EndReloadAssembly (981ms)
			LoadAssemblies (90ms)
			RebuildTransferFunctionScriptingTraits (0ms)
			SetupTypeCache (458ms)
			ReleaseScriptCaches (1ms)
			RebuildScriptCaches (43ms)
			SetupLoadedEditorAssemblies (309ms)
				LogAssemblyErrors (0ms)
				InitializePlatformSupportModulesInManaged (5ms)
				SetLoadedEditorAssemblies (0ms)
				RefreshPlugins (1ms)
				BeforeProcessingInitializeOnLoad (96ms)
				ProcessInitializeOnLoadAttributes (196ms)
				ProcessInitializeOnLoadMethodAttributes (10ms)
				AfterProcessingInitializeOnLoad (1ms)
				EditorAssembliesLoaded (0ms)
			ExecutionOrderSort2 (0ms)
			AwakeInstancesAfterBackupRestoration (8ms)
Platform modules already initialized, skipping
Refreshing native plugins compatible for Editor in 0.57 ms, found 3 plugins.
Preloading 0 native plugins for Editor in 0.00 ms.
Unloading 2399 Unused Serialized files (Serialized files now loaded: 0)
System memory in use before: 110.2 MB.
System memory in use after: 110.5 MB.

Unloading 19 unused Assets to reduce memory usage. Loaded Objects now: 2947.
Total: 2.892000 ms (FindLiveObjects: 0.225100 ms CreateObjectMapping: 0.099600 ms MarkObjects: 2.551200 ms  DeleteObjects: 0.015300 ms)

AssetImportParameters requested are different than current active one (requested -> active):
  custom:framework-win-MediaFoundation: 216162199b28c13a410421893ffa2e32 -> 
  custom:video-decoder-ogg-theora: a1e56fd34408186e4bbccfd4996cb3dc -> 
  custom:container-muxer-webm: aa71ff27fc2769a1b78a27578f13a17b -> 
  custom:container-demuxer-webm: 4f35f7cbe854078d1ac9338744f61a02 -> 
  custom:container-demuxer-ogg: 62fdf1f143b41e24485cea50d1cbac27 -> 
  custom:video-encoder-webm-vp8: eb34c28f22e8b96e1ab97ce403110664 -> 
  custom:video-decoder-webm-vp8: 9c59270c3fd7afecdb556c50c9e8de78 -> 
  custom:audio-decoder-ogg-vorbis: bf7c407c2cedff20999df2af8eb42d56 -> 
  custom:audio-encoder-webm-vorbis: bf7c407c2cedff20999df2af8eb42d56 -> 
========================================================================
Received Prepare
Registering precompiled user dll's ...
Registered in 0.007658 seconds.
Begin MonoManager ReloadAssembly
Native extension for WindowsStandalone target not found
Native extension for WebGL target not found
Refreshing native plugins compatible for Editor in 0.57 ms, found 3 plugins.
Preloading 0 native plugins for Editor in 0.00 ms.
Mono: successfully reloaded assembly
- Completed reload, in  0.864 seconds
Domain Reload Profiling:
	ReloadAssembly (865ms)
		BeginReloadAssembly (107ms)
			ExecutionOrderSort (0ms)
			DisableScriptedObjects (5ms)
			BackupInstance (0ms)
			ReleaseScriptingObjects (0ms)
			CreateAndSetChildDomain (33ms)
		EndReloadAssembly (710ms)
			LoadAssemblies (87ms)
			RebuildTransferFunctionScriptingTraits (0ms)
			SetupTypeCache (251ms)
			ReleaseScriptCaches (1ms)
			RebuildScriptCaches (37ms)
			SetupLoadedEditorAssemblies (258ms)
				LogAssemblyErrors (0ms)
				InitializePlatformSupportModulesInManaged (4ms)
				SetLoadedEditorAssemblies (0ms)
				RefreshPlugins (1ms)
				BeforeProcessingInitializeOnLoad (74ms)
				ProcessInitializeOnLoadAttributes (168ms)
				ProcessInitializeOnLoadMethodAttributes (9ms)
				AfterProcessingInitializeOnLoad (1ms)
				EditorAssembliesLoaded (0ms)
			ExecutionOrderSort2 (0ms)
			AwakeInstancesAfterBackupRestoration (8ms)
Platform modules already initialized, skipping
Refreshing native plugins compatible for Editor in 0.59 ms, found 3 plugins.
Preloading 0 native plugins for Editor in 0.00 ms.
Unloading 2399 Unused Serialized files (Serialized files now loaded: 0)
System memory in use before: 110.3 MB.
System memory in use after: 110.5 MB.

Unloading 19 unused Assets to reduce memory usage. Loaded Objects now: 2949.
Total: 2.788400 ms (FindLiveObjects: 0.232900 ms CreateObjectMapping: 0.108500 ms MarkObjects: 2.431300 ms  DeleteObjects: 0.014900 ms)

AssetImportParameters requested are different than current active one (requested -> active):
  custom:framework-win-MediaFoundation: 216162199b28c13a410421893ffa2e32 -> 
  custom:video-decoder-ogg-theora: a1e56fd34408186e4bbccfd4996cb3dc -> 
  custom:container-muxer-webm: aa71ff27fc2769a1b78a27578f13a17b -> 
  custom:container-demuxer-webm: 4f35f7cbe854078d1ac9338744f61a02 -> 
  custom:container-demuxer-ogg: 62fdf1f143b41e24485cea50d1cbac27 -> 
  custom:video-encoder-webm-vp8: eb34c28f22e8b96e1ab97ce403110664 -> 
  custom:video-decoder-webm-vp8: 9c59270c3fd7afecdb556c50c9e8de78 -> 
  custom:audio-decoder-ogg-vorbis: bf7c407c2cedff20999df2af8eb42d56 -> 
  custom:audio-encoder-webm-vorbis: bf7c407c2cedff20999df2af8eb42d56 -> 
========================================================================
Received Import Request.
  Time since last request: 574.903589 seconds.
  path: Assets/Prefabs/GUI/SettingMenu.prefab
  artifactKey: Guid(685df922213718f4ba28f6939afb1978) Importer(815301076,1909f56bfc062723c751e8b465ee728b)
Start importing Assets/Prefabs/GUI/SettingMenu.prefab using Guid(685df922213718f4ba28f6939afb1978) Importer(815301076,1909f56bfc062723c751e8b465ee728b)  -> (artifact id: '0acf612e00cb8b385f2b19a3c32fb826') in 0.070707 seconds 
  Import took 0.075099 seconds .

========================================================================
Received Import Request.
  Time since last request: 11.326717 seconds.
  path: Assets/Script/GUI/SettingMenu.cs
  artifactKey: Guid(132a91b94510ba045bfec7a4126d2dea) Importer(815301076,1909f56bfc062723c751e8b465ee728b)
Start importing Assets/Script/GUI/SettingMenu.cs using Guid(132a91b94510ba045bfec7a4126d2dea) Importer(815301076,1909f56bfc062723c751e8b465ee728b)  -> (artifact id: '53785cfa2fd1ed88ea94589680308a01') in 0.005112 seconds 
  Import took 0.010376 seconds .

========================================================================
Received Prepare
Registering precompiled user dll's ...
Registered in 0.003151 seconds.
Begin MonoManager ReloadAssembly
Native extension for WindowsStandalone target not found
Native extension for WebGL target not found
Refreshing native plugins compatible for Editor in 0.58 ms, found 3 plugins.
Preloading 0 native plugins for Editor in 0.00 ms.
Mono: successfully reloaded assembly
- Completed reload, in  1.189 seconds
Domain Reload Profiling:
	ReloadAssembly (1189ms)
		BeginReloadAssembly (102ms)
			ExecutionOrderSort (0ms)
			DisableScriptedObjects (5ms)
			BackupInstance (0ms)
			ReleaseScriptingObjects (0ms)
			CreateAndSetChildDomain (32ms)
		EndReloadAssembly (1034ms)
			LoadAssemblies (101ms)
			RebuildTransferFunctionScriptingTraits (0ms)
			SetupTypeCache (267ms)
			ReleaseScriptCaches (1ms)
			RebuildScriptCaches (43ms)
			SetupLoadedEditorAssemblies (503ms)
				LogAssemblyErrors (0ms)
				InitializePlatformSupportModulesInManaged (5ms)
				SetLoadedEditorAssemblies (0ms)
				RefreshPlugins (1ms)
				BeforeProcessingInitializeOnLoad (85ms)
				ProcessInitializeOnLoadAttributes (344ms)
				ProcessInitializeOnLoadMethodAttributes (67ms)
				AfterProcessingInitializeOnLoad (2ms)
				EditorAssembliesLoaded (0ms)
			ExecutionOrderSort2 (0ms)
			AwakeInstancesAfterBackupRestoration (24ms)
Platform modules already initialized, skipping
Refreshing native plugins compatible for Editor in 0.56 ms, found 3 plugins.
Preloading 0 native plugins for Editor in 0.00 ms.
Unloading 2400 Unused Serialized files (Serialized files now loaded: 0)
System memory in use before: 110.2 MB.
System memory in use after: 110.4 MB.

Unloading 20 unused Assets to reduce memory usage. Loaded Objects now: 2952.
Total: 3.078100 ms (FindLiveObjects: 0.251500 ms CreateObjectMapping: 0.114600 ms MarkObjects: 2.690700 ms  DeleteObjects: 0.020300 ms)

AssetImportParameters requested are different than current active one (requested -> active):
  custom:framework-win-MediaFoundation: 216162199b28c13a410421893ffa2e32 -> 
  custom:video-decoder-ogg-theora: a1e56fd34408186e4bbccfd4996cb3dc -> 
  custom:container-muxer-webm: aa71ff27fc2769a1b78a27578f13a17b -> 
  custom:container-demuxer-webm: 4f35f7cbe854078d1ac9338744f61a02 -> 
  custom:container-demuxer-ogg: 62fdf1f143b41e24485cea50d1cbac27 -> 
  custom:video-encoder-webm-vp8: eb34c28f22e8b96e1ab97ce403110664 -> 
  custom:video-decoder-webm-vp8: 9c59270c3fd7afecdb556c50c9e8de78 -> 
  custom:audio-decoder-ogg-vorbis: bf7c407c2cedff20999df2af8eb42d56 -> 
  custom:audio-encoder-webm-vorbis: bf7c407c2cedff20999df2af8eb42d56 -> 
========================================================================
Received Prepare
Registering precompiled user dll's ...
Registered in 0.003851 seconds.
Begin MonoManager ReloadAssembly
Native extension for WindowsStandalone target not found
Native extension for WebGL target not found
Refreshing native plugins compatible for Editor in 0.61 ms, found 3 plugins.
Preloading 0 native plugins for Editor in 0.00 ms.
Mono: successfully reloaded assembly
- Completed reload, in  0.969 seconds
Domain Reload Profiling:
	ReloadAssembly (969ms)
		BeginReloadAssembly (117ms)
			ExecutionOrderSort (0ms)
			DisableScriptedObjects (6ms)
			BackupInstance (0ms)
			ReleaseScriptingObjects (0ms)
			CreateAndSetChildDomain (35ms)
		EndReloadAssembly (795ms)
			LoadAssemblies (93ms)
			RebuildTransferFunctionScriptingTraits (0ms)
			SetupTypeCache (293ms)
			ReleaseScriptCaches (1ms)
			RebuildScriptCaches (45ms)
			SetupLoadedEditorAssemblies (279ms)
				LogAssemblyErrors (0ms)
				InitializePlatformSupportModulesInManaged (5ms)
				SetLoadedEditorAssemblies (0ms)
				RefreshPlugins (1ms)
				BeforeProcessingInitializeOnLoad (78ms)
				ProcessInitializeOnLoadAttributes (184ms)
				ProcessInitializeOnLoadMethodAttributes (9ms)
				AfterProcessingInitializeOnLoad (1ms)
				EditorAssembliesLoaded (0ms)
			ExecutionOrderSort2 (0ms)
			AwakeInstancesAfterBackupRestoration (8ms)
Platform modules already initialized, skipping
Refreshing native plugins compatible for Editor in 0.66 ms, found 3 plugins.
Preloading 0 native plugins for Editor in 0.00 ms.
Unloading 2400 Unused Serialized files (Serialized files now loaded: 0)
System memory in use before: 110.3 MB.
System memory in use after: 110.5 MB.

Unloading 19 unused Assets to reduce memory usage. Loaded Objects now: 2954.
Total: 3.603200 ms (FindLiveObjects: 0.239000 ms CreateObjectMapping: 0.099200 ms MarkObjects: 3.189700 ms  DeleteObjects: 0.074300 ms)

AssetImportParameters requested are different than current active one (requested -> active):
  custom:framework-win-MediaFoundation: 216162199b28c13a410421893ffa2e32 -> 
  custom:video-decoder-ogg-theora: a1e56fd34408186e4bbccfd4996cb3dc -> 
  custom:container-muxer-webm: aa71ff27fc2769a1b78a27578f13a17b -> 
  custom:container-demuxer-webm: 4f35f7cbe854078d1ac9338744f61a02 -> 
  custom:container-demuxer-ogg: 62fdf1f143b41e24485cea50d1cbac27 -> 
  custom:video-encoder-webm-vp8: eb34c28f22e8b96e1ab97ce403110664 -> 
  custom:video-decoder-webm-vp8: 9c59270c3fd7afecdb556c50c9e8de78 -> 
  custom:audio-decoder-ogg-vorbis: bf7c407c2cedff20999df2af8eb42d56 -> 
  custom:audio-encoder-webm-vorbis: bf7c407c2cedff20999df2af8eb42d56 -> 
========================================================================
Received Import Request.
  Time since last request: 55.814956 seconds.
  path: Assets/Script/GUI/SettingMenu.cs
  artifactKey: Guid(132a91b94510ba045bfec7a4126d2dea) Importer(815301076,1909f56bfc062723c751e8b465ee728b)
Start importing Assets/Script/GUI/SettingMenu.cs using Guid(132a91b94510ba045bfec7a4126d2dea) Importer(815301076,1909f56bfc062723c751e8b465ee728b)  -> (artifact id: '155c80bb7694a2d6d3cb143dc484af0f') in 0.004324 seconds 
  Import took 0.007895 seconds .

========================================================================
Received Prepare
Registering precompiled user dll's ...
Registered in 0.003884 seconds.
Begin MonoManager ReloadAssembly
Native extension for WindowsStandalone target not found
Native extension for WebGL target not found
Refreshing native plugins compatible for Editor in 0.59 ms, found 3 plugins.
Preloading 0 native plugins for Editor in 0.00 ms.
Mono: successfully reloaded assembly
- Completed reload, in  0.973 seconds
Domain Reload Profiling:
	ReloadAssembly (974ms)
		BeginReloadAssembly (104ms)
			ExecutionOrderSort (0ms)
			DisableScriptedObjects (6ms)
			BackupInstance (0ms)
			ReleaseScriptingObjects (0ms)
			CreateAndSetChildDomain (29ms)
		EndReloadAssembly (814ms)
			LoadAssemblies (88ms)
			RebuildTransferFunctionScriptingTraits (0ms)
			SetupTypeCache (289ms)
			ReleaseScriptCaches (1ms)
			RebuildScriptCaches (42ms)
			SetupLoadedEditorAssemblies (304ms)
				LogAssemblyErrors (0ms)
				InitializePlatformSupportModulesInManaged (7ms)
				SetLoadedEditorAssemblies (0ms)
				RefreshPlugins (1ms)
				BeforeProcessingInitializeOnLoad (101ms)
				ProcessInitializeOnLoadAttributes (184ms)
				ProcessInitializeOnLoadMethodAttributes (10ms)
				AfterProcessingInitializeOnLoad (1ms)
				EditorAssembliesLoaded (0ms)
			ExecutionOrderSort2 (0ms)
			AwakeInstancesAfterBackupRestoration (9ms)
Platform modules already initialized, skipping
Refreshing native plugins compatible for Editor in 0.88 ms, found 3 plugins.
Preloading 0 native plugins for Editor in 0.00 ms.
Unloading 2400 Unused Serialized files (Serialized files now loaded: 0)
System memory in use before: 110.3 MB.
System memory in use after: 110.5 MB.

Unloading 19 unused Assets to reduce memory usage. Loaded Objects now: 2956.
Total: 3.208500 ms (FindLiveObjects: 0.272900 ms CreateObjectMapping: 0.138900 ms MarkObjects: 2.780000 ms  DeleteObjects: 0.015800 ms)

AssetImportParameters requested are different than current active one (requested -> active):
  custom:framework-win-MediaFoundation: 216162199b28c13a410421893ffa2e32 -> 
  custom:video-decoder-ogg-theora: a1e56fd34408186e4bbccfd4996cb3dc -> 
  custom:container-muxer-webm: aa71ff27fc2769a1b78a27578f13a17b -> 
  custom:container-demuxer-webm: 4f35f7cbe854078d1ac9338744f61a02 -> 
  custom:container-demuxer-ogg: 62fdf1f143b41e24485cea50d1cbac27 -> 
  custom:video-encoder-webm-vp8: eb34c28f22e8b96e1ab97ce403110664 -> 
  custom:video-decoder-webm-vp8: 9c59270c3fd7afecdb556c50c9e8de78 -> 
  custom:audio-decoder-ogg-vorbis: bf7c407c2cedff20999df2af8eb42d56 -> 
  custom:audio-encoder-webm-vorbis: bf7c407c2cedff20999df2af8eb42d56 -> 
========================================================================
Received Prepare
Registering precompiled user dll's ...
Registered in 0.003465 seconds.
Begin MonoManager ReloadAssembly
Native extension for WindowsStandalone target not found
Native extension for WebGL target not found
Refreshing native plugins compatible for Editor in 1.57 ms, found 3 plugins.
Preloading 0 native plugins for Editor in 0.00 ms.
Mono: successfully reloaded assembly
- Completed reload, in  0.996 seconds
Domain Reload Profiling:
	ReloadAssembly (996ms)
		BeginReloadAssembly (103ms)
			ExecutionOrderSort (0ms)
			DisableScriptedObjects (5ms)
			BackupInstance (0ms)
			ReleaseScriptingObjects (0ms)
			CreateAndSetChildDomain (29ms)
		EndReloadAssembly (844ms)
			LoadAssemblies (88ms)
			RebuildTransferFunctionScriptingTraits (0ms)
			SetupTypeCache (340ms)
			ReleaseScriptCaches (1ms)
			RebuildScriptCaches (42ms)
			SetupLoadedEditorAssemblies (288ms)
				LogAssemblyErrors (0ms)
				InitializePlatformSupportModulesInManaged (4ms)
				SetLoadedEditorAssemblies (0ms)
				RefreshPlugins (2ms)
				BeforeProcessingInitializeOnLoad (89ms)
				ProcessInitializeOnLoadAttributes (181ms)
				ProcessInitializeOnLoadMethodAttributes (9ms)
				AfterProcessingInitializeOnLoad (2ms)
				EditorAssembliesLoaded (0ms)
			ExecutionOrderSort2 (0ms)
			AwakeInstancesAfterBackupRestoration (8ms)
Platform modules already initialized, skipping
Refreshing native plugins compatible for Editor in 0.89 ms, found 3 plugins.
Preloading 0 native plugins for Editor in 0.00 ms.
Unloading 2400 Unused Serialized files (Serialized files now loaded: 0)
System memory in use before: 110.3 MB.
System memory in use after: 110.5 MB.

Unloading 19 unused Assets to reduce memory usage. Loaded Objects now: 2958.
Total: 3.115300 ms (FindLiveObjects: 0.235300 ms CreateObjectMapping: 0.103200 ms MarkObjects: 2.757900 ms  DeleteObjects: 0.017700 ms)

AssetImportParameters requested are different than current active one (requested -> active):
  custom:framework-win-MediaFoundation: 216162199b28c13a410421893ffa2e32 -> 
  custom:video-decoder-ogg-theora: a1e56fd34408186e4bbccfd4996cb3dc -> 
  custom:container-muxer-webm: aa71ff27fc2769a1b78a27578f13a17b -> 
  custom:container-demuxer-webm: 4f35f7cbe854078d1ac9338744f61a02 -> 
  custom:container-demuxer-ogg: 62fdf1f143b41e24485cea50d1cbac27 -> 
  custom:video-encoder-webm-vp8: eb34c28f22e8b96e1ab97ce403110664 -> 
  custom:video-decoder-webm-vp8: 9c59270c3fd7afecdb556c50c9e8de78 -> 
  custom:audio-decoder-ogg-vorbis: bf7c407c2cedff20999df2af8eb42d56 -> 
  custom:audio-encoder-webm-vorbis: bf7c407c2cedff20999df2af8eb42d56 -> 
========================================================================
Received Import Request.
  Time since last request: 97.864271 seconds.
  path: Assets/Scenes/MainMenu.unity
  artifactKey: Guid(ae6d650a58d323f47b8f5699ae7c01c8) Importer(815301076,1909f56bfc062723c751e8b465ee728b)
Start importing Assets/Scenes/MainMenu.unity using Guid(ae6d650a58d323f47b8f5699ae7c01c8) Importer(815301076,1909f56bfc062723c751e8b465ee728b)  -> (artifact id: '03bf391bfb44b09a89334fdf1ae46219') in 0.016651 seconds 
  Import took 0.020719 seconds .

========================================================================
Received Import Request.
  Time since last request: 19.719758 seconds.
  path: Assets/FREEUIASSETPACK_BY@CAMTATZ/Symbols & Text/SYMB_WARNING.png
  artifactKey: Guid(8f77be8c0f3bc8440906f7c22664e320) Importer(815301076,1909f56bfc062723c751e8b465ee728b)
Start importing Assets/FREEUIASSETPACK_BY@CAMTATZ/Symbols & Text/SYMB_WARNING.png using Guid(8f77be8c0f3bc8440906f7c22664e320) Importer(815301076,1909f56bfc062723c751e8b465ee728b)  -> (artifact id: '2dbcfafa431ea480ce586968a4395e53') in 0.051043 seconds 
  Import took 0.055944 seconds .

========================================================================
Received Prepare
Registering precompiled user dll's ...
Registered in 0.004589 seconds.
Begin MonoManager ReloadAssembly
Native extension for WindowsStandalone target not found
Native extension for WebGL target not found
Refreshing native plugins compatible for Editor in 0.67 ms, found 3 plugins.
Preloading 0 native plugins for Editor in 0.00 ms.
Mono: successfully reloaded assembly
- Completed reload, in  0.983 seconds
Domain Reload Profiling:
	ReloadAssembly (984ms)
		BeginReloadAssembly (121ms)
			ExecutionOrderSort (0ms)
			DisableScriptedObjects (5ms)
			BackupInstance (0ms)
			ReleaseScriptingObjects (0ms)
			CreateAndSetChildDomain (34ms)
		EndReloadAssembly (805ms)
			LoadAssemblies (105ms)
			RebuildTransferFunctionScriptingTraits (0ms)
			SetupTypeCache (278ms)
			ReleaseScriptCaches (1ms)
			RebuildScriptCaches (50ms)
			SetupLoadedEditorAssemblies (288ms)
				LogAssemblyErrors (0ms)
				InitializePlatformSupportModulesInManaged (6ms)
				SetLoadedEditorAssemblies (0ms)
				RefreshPlugins (1ms)
				BeforeProcessingInitializeOnLoad (86ms)
				ProcessInitializeOnLoadAttributes (184ms)
				ProcessInitializeOnLoadMethodAttributes (9ms)
				AfterProcessingInitializeOnLoad (1ms)
				EditorAssembliesLoaded (0ms)
			ExecutionOrderSort2 (0ms)
			AwakeInstancesAfterBackupRestoration (8ms)
Platform modules already initialized, skipping
Refreshing native plugins compatible for Editor in 1.13 ms, found 3 plugins.
Preloading 0 native plugins for Editor in 0.00 ms.
Unloading 2400 Unused Serialized files (Serialized files now loaded: 0)
System memory in use before: 110.3 MB.
System memory in use after: 110.5 MB.

Unloading 19 unused Assets to reduce memory usage. Loaded Objects now: 2963.
Total: 3.923200 ms (FindLiveObjects: 0.557300 ms CreateObjectMapping: 0.167000 ms MarkObjects: 3.171600 ms  DeleteObjects: 0.022600 ms)

AssetImportParameters requested are different than current active one (requested -> active):
  custom:framework-win-MediaFoundation: 216162199b28c13a410421893ffa2e32 -> 
  custom:video-decoder-ogg-theora: a1e56fd34408186e4bbccfd4996cb3dc -> 
  custom:container-muxer-webm: aa71ff27fc2769a1b78a27578f13a17b -> 
  custom:container-demuxer-webm: 4f35f7cbe854078d1ac9338744f61a02 -> 
  custom:container-demuxer-ogg: 62fdf1f143b41e24485cea50d1cbac27 -> 
  custom:video-encoder-webm-vp8: eb34c28f22e8b96e1ab97ce403110664 -> 
  custom:video-decoder-webm-vp8: 9c59270c3fd7afecdb556c50c9e8de78 -> 
  custom:audio-decoder-ogg-vorbis: bf7c407c2cedff20999df2af8eb42d56 -> 
  custom:audio-encoder-webm-vorbis: bf7c407c2cedff20999df2af8eb42d56 -> 
========================================================================
Received Prepare
Registering precompiled user dll's ...
Registered in 0.008052 seconds.
Begin MonoManager ReloadAssembly
Native extension for WindowsStandalone target not found
Native extension for WebGL target not found
Refreshing native plugins compatible for Editor in 0.68 ms, found 3 plugins.
Preloading 0 native plugins for Editor in 0.00 ms.
Mono: successfully reloaded assembly
- Completed reload, in  0.987 seconds
Domain Reload Profiling:
	ReloadAssembly (987ms)
		BeginReloadAssembly (114ms)
			ExecutionOrderSort (0ms)
			DisableScriptedObjects (6ms)
			BackupInstance (0ms)
			ReleaseScriptingObjects (0ms)
			CreateAndSetChildDomain (33ms)
		EndReloadAssembly (823ms)
			LoadAssemblies (96ms)
			RebuildTransferFunctionScriptingTraits (0ms)
			SetupTypeCache (279ms)
			ReleaseScriptCaches (1ms)
			RebuildScriptCaches (41ms)
			SetupLoadedEditorAssemblies (320ms)
				LogAssemblyErrors (0ms)
				InitializePlatformSupportModulesInManaged (5ms)
				SetLoadedEditorAssemblies (0ms)
				RefreshPlugins (1ms)
				BeforeProcessingInitializeOnLoad (81ms)
				ProcessInitializeOnLoadAttributes (221ms)
				ProcessInitializeOnLoadMethodAttributes (10ms)
				AfterProcessingInitializeOnLoad (2ms)
				EditorAssembliesLoaded (0ms)
			ExecutionOrderSort2 (0ms)
			AwakeInstancesAfterBackupRestoration (8ms)
Platform modules already initialized, skipping
Refreshing native plugins compatible for Editor in 0.89 ms, found 3 plugins.
Preloading 0 native plugins for Editor in 0.00 ms.
Unloading 2400 Unused Serialized files (Serialized files now loaded: 0)
System memory in use before: 110.2 MB.
System memory in use after: 110.4 MB.

Unloading 19 unused Assets to reduce memory usage. Loaded Objects now: 2965.
Total: 4.912600 ms (FindLiveObjects: 0.339300 ms CreateObjectMapping: 0.167500 ms MarkObjects: 4.372500 ms  DeleteObjects: 0.031100 ms)

AssetImportParameters requested are different than current active one (requested -> active):
  custom:framework-win-MediaFoundation: 216162199b28c13a410421893ffa2e32 -> 
  custom:video-decoder-ogg-theora: a1e56fd34408186e4bbccfd4996cb3dc -> 
  custom:container-muxer-webm: aa71ff27fc2769a1b78a27578f13a17b -> 
  custom:container-demuxer-webm: 4f35f7cbe854078d1ac9338744f61a02 -> 
  custom:container-demuxer-ogg: 62fdf1f143b41e24485cea50d1cbac27 -> 
  custom:video-encoder-webm-vp8: eb34c28f22e8b96e1ab97ce403110664 -> 
  custom:video-decoder-webm-vp8: 9c59270c3fd7afecdb556c50c9e8de78 -> 
  custom:audio-decoder-ogg-vorbis: bf7c407c2cedff20999df2af8eb42d56 -> 
  custom:audio-encoder-webm-vorbis: bf7c407c2cedff20999df2af8eb42d56 -> 
========================================================================
Received Prepare
Refreshing native plugins compatible for Editor in 5.44 ms, found 3 plugins.
Preloading 0 native plugins for Editor in 0.00 ms.
Unloading 16 Unused Serialized files (Serialized files now loaded: 0)
System memory in use before: 63.1 MB.
System memory in use after: 63.3 MB.

Unloading 16 unused Assets to reduce memory usage. Loaded Objects now: 2965.
Total: 5.313200 ms (FindLiveObjects: 0.452400 ms CreateObjectMapping: 0.144500 ms MarkObjects: 4.671800 ms  DeleteObjects: 0.041300 ms)

AssetImportParameters requested are different than current active one (requested -> active):
  custom:framework-win-MediaFoundation: 216162199b28c13a410421893ffa2e32 -> 
  custom:video-decoder-ogg-theora: a1e56fd34408186e4bbccfd4996cb3dc -> 
  custom:container-muxer-webm: aa71ff27fc2769a1b78a27578f13a17b -> 
  custom:container-demuxer-webm: 4f35f7cbe854078d1ac9338744f61a02 -> 
  custom:container-demuxer-ogg: 62fdf1f143b41e24485cea50d1cbac27 -> 
  custom:video-encoder-webm-vp8: eb34c28f22e8b96e1ab97ce403110664 -> 
  custom:video-decoder-webm-vp8: 9c59270c3fd7afecdb556c50c9e8de78 -> 
  custom:audio-decoder-ogg-vorbis: bf7c407c2cedff20999df2af8eb42d56 -> 
  custom:audio-encoder-webm-vorbis: bf7c407c2cedff20999df2af8eb42d56 -> 
========================================================================
Received Prepare
Refreshing native plugins compatible for Editor in 7.99 ms, found 3 plugins.
Preloading 0 native plugins for Editor in 0.00 ms.
Unloading 16 Unused Serialized files (Serialized files now loaded: 0)
System memory in use before: 63.1 MB.
System memory in use after: 63.3 MB.

Unloading 16 unused Assets to reduce memory usage. Loaded Objects now: 2965.
Total: 6.597600 ms (FindLiveObjects: 0.387700 ms CreateObjectMapping: 0.132000 ms MarkObjects: 6.051900 ms  DeleteObjects: 0.024300 ms)

AssetImportParameters requested are different than current active one (requested -> active):
  custom:framework-win-MediaFoundation: 216162199b28c13a410421893ffa2e32 -> 
  custom:video-decoder-ogg-theora: a1e56fd34408186e4bbccfd4996cb3dc -> 
  custom:container-muxer-webm: aa71ff27fc2769a1b78a27578f13a17b -> 
  custom:container-demuxer-webm: 4f35f7cbe854078d1ac9338744f61a02 -> 
  custom:container-demuxer-ogg: 62fdf1f143b41e24485cea50d1cbac27 -> 
  custom:video-encoder-webm-vp8: eb34c28f22e8b96e1ab97ce403110664 -> 
  custom:video-decoder-webm-vp8: 9c59270c3fd7afecdb556c50c9e8de78 -> 
  custom:audio-decoder-ogg-vorbis: bf7c407c2cedff20999df2af8eb42d56 -> 
  custom:audio-encoder-webm-vorbis: bf7c407c2cedff20999df2af8eb42d56 -> 
